<?xml version="1.0" encoding="UTF-8"?>
<!-- Generated by org.testng.reporters.JUnitReportReporter -->
<testsuite hostname="DESKTOP-3A2N0I2" failures="0" tests="3" name="pack.Train" time="0.020" errors="0" timestamp="2024-04-20T19:02:17 EEST" skipped="0">
  <testcase classname="pack.Train" name="Test03" time="0.004"/>
  <testcase classname="pack.Train" name="Test01" time="0.011"/>
  <testcase classname="pack.Train" name="Test02" time="0.005"/>
</testsuite> <!-- pack.Train -->
